Started GET "/" for ::1 at 2019-12-18 17:30:29 +0900
  
ActiveRecord::NoDatabaseError (Unknown database 'freemarket_sample_65a_development'):
  
activerecord (5.2.4) lib/active_record/connection_adapters/mysql2_adapter.rb:26:in `rescue in mysql2_connection'
activerecord (5.2.4) lib/active_record/connection_adapters/mysql2_adapter.rb:12:in `mysql2_connection'
activerecord (5.2.4) lib/active_record/connection_adapters/abstract/connection_pool.rb:830:in `new_connection'
activerecord (5.2.4) lib/active_record/connection_adapters/abstract/connection_pool.rb:874:in `checkout_new_connection'
activerecord (5.2.4) lib/active_record/connection_adapters/abstract/connection_pool.rb:853:in `try_to_checkout_new_connection'
activerecord (5.2.4) lib/active_record/connection_adapters/abstract/connection_pool.rb:814:in `acquire_connection'
activerecord (5.2.4) lib/active_record/connection_adapters/abstract/connection_pool.rb:538:in `checkout'
activerecord (5.2.4) lib/active_record/connection_adapters/abstract/connection_pool.rb:382:in `connection'
activerecord (5.2.4) lib/active_record/connection_adapters/abstract/connection_pool.rb:1033:in `retrieve_connection'
activerecord (5.2.4) lib/active_record/connection_handling.rb:118:in `retrieve_connection'
activerecord (5.2.4) lib/active_record/connection_handling.rb:90:in `connection'
activerecord (5.2.4) lib/active_record/migration.rb:554:in `call'
actionpack (5.2.4) lib/action_dispatch/middleware/callbacks.rb:28:in `block in call'
activesupport (5.2.4) lib/active_support/callbacks.rb:98:in `run_callbacks'
actionpack (5.2.4) lib/action_dispatch/middleware/callbacks.rb:26:in `call'
actionpack (5.2.4) lib/action_dispatch/middleware/executor.rb:14:in `call'
actionpack (5.2.4) lib/action_dispatch/middleware/debug_exceptions.rb:61:in `call'
web-console (3.7.0) lib/web_console/middleware.rb:135:in `call_app'
web-console (3.7.0) lib/web_console/middleware.rb:30:in `block in call'
web-console (3.7.0) lib/web_console/middleware.rb:20:in `catch'
web-console (3.7.0) lib/web_console/middleware.rb:20:in `call'
actionpack (5.2.4) lib/action_dispatch/middleware/show_exceptions.rb:33:in `call'
railties (5.2.4) lib/rails/rack/logger.rb:38:in `call_app'
railties (5.2.4) lib/rails/rack/logger.rb:26:in `block in call'
activesupport (5.2.4) lib/active_support/tagged_logging.rb:71:in `block in tagged'
activesupport (5.2.4) lib/active_support/tagged_logging.rb:28:in `tagged'
activesupport (5.2.4) lib/active_support/tagged_logging.rb:71:in `tagged'
railties (5.2.4) lib/rails/rack/logger.rb:26:in `call'
sprockets-rails (3.2.1) lib/sprockets/rails/quiet_assets.rb:13:in `call'
actionpack (5.2.4) lib/action_dispatch/middleware/remote_ip.rb:81:in `call'
actionpack (5.2.4) lib/action_dispatch/middleware/request_id.rb:27:in `call'
rack (2.0.7) lib/rack/method_override.rb:22:in `call'
rack (2.0.7) lib/rack/runtime.rb:22:in `call'
activesupport (5.2.4) lib/active_support/cache/strategy/local_cache_middleware.rb:29:in `call'
actionpack (5.2.4) lib/action_dispatch/middleware/executor.rb:14:in `call'
actionpack (5.2.4) lib/action_dispatch/middleware/static.rb:127:in `call'
rack (2.0.7) lib/rack/sendfile.rb:111:in `call'
railties (5.2.4) lib/rails/engine.rb:524:in `call'
puma (3.12.2) lib/puma/configuration.rb:227:in `call'
puma (3.12.2) lib/puma/server.rb:674:in `handle_request'
puma (3.12.2) lib/puma/server.rb:476:in `process_client'
puma (3.12.2) lib/puma/server.rb:334:in `block in run'
puma (3.12.2) lib/puma/thread_pool.rb:135:in `block in spawn_thread'
  [1m[35m (1.4ms)[0m  [1m[35mSET NAMES utf8,  @@SESSION.sql_mode = CONCAT(CONCAT(@@sql_mode, ',STRICT_ALL_TABLES'), ',NO_AUTO_VALUE_ON_ZERO'),  @@SESSION.sql_auto_is_null = 0, @@SESSION.wait_timeout = 2147483[0m
  ↳ bin/rails:9
  [1m[35m (4.6ms)[0m  [1m[35mCREATE DATABASE `freemarket_sample_65a_development` DEFAULT CHARACTER SET `utf8`[0m
  ↳ bin/rails:9
  [1m[35m (0.2ms)[0m  [1m[35mSET NAMES utf8,  @@SESSION.sql_mode = CONCAT(CONCAT(@@sql_mode, ',STRICT_ALL_TABLES'), ',NO_AUTO_VALUE_ON_ZERO'),  @@SESSION.sql_auto_is_null = 0, @@SESSION.wait_timeout = 2147483[0m
  ↳ bin/rails:9
  [1m[35m (1.3ms)[0m  [1m[35mCREATE DATABASE `freemarket_sample_65a_test` DEFAULT CHARACTER SET `utf8`[0m
  ↳ bin/rails:9
Started GET "/" for ::1 at 2019-12-18 17:34:07 +0900
  [1m[35m (0.4ms)[0m  [1m[35mSET NAMES utf8,  @@SESSION.sql_mode = CONCAT(CONCAT(@@sql_mode, ',STRICT_ALL_TABLES'), ',NO_AUTO_VALUE_ON_ZERO'),  @@SESSION.sql_auto_is_null = 0, @@SESSION.wait_timeout = 2147483[0m
  ↳ /Users/yamamoto/.rbenv/versions/2.5.1/lib/ruby/gems/2.5.0/gems/activerecord-5.2.4/lib/active_record/log_subscriber.rb:98
  
ActionController::RoutingError (uninitialized constant RegistrationController):
  
bootsnap (1.4.5) lib/bootsnap/load_path_cache/core_ext/active_support.rb:79:in `block in load_missing_constant'
bootsnap (1.4.5) lib/bootsnap/load_path_cache/core_ext/active_support.rb:8:in `without_bootsnap_cache'
bootsnap (1.4.5) lib/bootsnap/load_path_cache/core_ext/active_support.rb:79:in `rescue in load_missing_constant'
bootsnap (1.4.5) lib/bootsnap/load_path_cache/core_ext/active_support.rb:58:in `load_missing_constant'
activesupport (5.2.4) lib/active_support/inflector/methods.rb:283:in `const_get'
activesupport (5.2.4) lib/active_support/inflector/methods.rb:283:in `block in constantize'
activesupport (5.2.4) lib/active_support/inflector/methods.rb:281:in `each'
activesupport (5.2.4) lib/active_support/inflector/methods.rb:281:in `inject'
activesupport (5.2.4) lib/active_support/inflector/methods.rb:281:in `constantize'
actionpack (5.2.4) lib/action_dispatch/http/request.rb:88:in `controller_class_for'
actionpack (5.2.4) lib/action_dispatch/http/request.rb:81:in `controller_class'
actionpack (5.2.4) lib/action_dispatch/routing/route_set.rb:46:in `controller'
actionpack (5.2.4) lib/action_dispatch/routing/route_set.rb:32:in `serve'
actionpack (5.2.4) lib/action_dispatch/journey/router.rb:52:in `block in serve'
actionpack (5.2.4) lib/action_dispatch/journey/router.rb:35:in `each'
actionpack (5.2.4) lib/action_dispatch/journey/router.rb:35:in `serve'
actionpack (5.2.4) lib/action_dispatch/routing/route_set.rb:840:in `call'
rack (2.0.7) lib/rack/tempfile_reaper.rb:15:in `call'
rack (2.0.7) lib/rack/etag.rb:25:in `call'
rack (2.0.7) lib/rack/conditional_get.rb:25:in `call'
rack (2.0.7) lib/rack/head.rb:12:in `call'
actionpack (5.2.4) lib/action_dispatch/http/content_security_policy.rb:18:in `call'
rack (2.0.7) lib/rack/session/abstract/id.rb:232:in `context'
rack (2.0.7) lib/rack/session/abstract/id.rb:226:in `call'
actionpack (5.2.4) lib/action_dispatch/middleware/cookies.rb:670:in `call'
activerecord (5.2.4) lib/active_record/migration.rb:559:in `call'
actionpack (5.2.4) lib/action_dispatch/middleware/callbacks.rb:28:in `block in call'
activesupport (5.2.4) lib/active_support/callbacks.rb:98:in `run_callbacks'
actionpack (5.2.4) lib/action_dispatch/middleware/callbacks.rb:26:in `call'
actionpack (5.2.4) lib/action_dispatch/middleware/executor.rb:14:in `call'
actionpack (5.2.4) lib/action_dispatch/middleware/debug_exceptions.rb:61:in `call'
web-console (3.7.0) lib/web_console/middleware.rb:135:in `call_app'
web-console (3.7.0) lib/web_console/middleware.rb:30:in `block in call'
web-console (3.7.0) lib/web_console/middleware.rb:20:in `catch'
web-console (3.7.0) lib/web_console/middleware.rb:20:in `call'
actionpack (5.2.4) lib/action_dispatch/middleware/show_exceptions.rb:33:in `call'
railties (5.2.4) lib/rails/rack/logger.rb:38:in `call_app'
railties (5.2.4) lib/rails/rack/logger.rb:26:in `block in call'
activesupport (5.2.4) lib/active_support/tagged_logging.rb:71:in `block in tagged'
activesupport (5.2.4) lib/active_support/tagged_logging.rb:28:in `tagged'
activesupport (5.2.4) lib/active_support/tagged_logging.rb:71:in `tagged'
railties (5.2.4) lib/rails/rack/logger.rb:26:in `call'
sprockets-rails (3.2.1) lib/sprockets/rails/quiet_assets.rb:13:in `call'
actionpack (5.2.4) lib/action_dispatch/middleware/remote_ip.rb:81:in `call'
actionpack (5.2.4) lib/action_dispatch/middleware/request_id.rb:27:in `call'
rack (2.0.7) lib/rack/method_override.rb:22:in `call'
rack (2.0.7) lib/rack/runtime.rb:22:in `call'
activesupport (5.2.4) lib/active_support/cache/strategy/local_cache_middleware.rb:29:in `call'
actionpack (5.2.4) lib/action_dispatch/middleware/executor.rb:14:in `call'
actionpack (5.2.4) lib/action_dispatch/middleware/static.rb:127:in `call'
rack (2.0.7) lib/rack/sendfile.rb:111:in `call'
railties (5.2.4) lib/rails/engine.rb:524:in `call'
puma (3.12.2) lib/puma/configuration.rb:227:in `call'
puma (3.12.2) lib/puma/server.rb:674:in `handle_request'
puma (3.12.2) lib/puma/server.rb:476:in `process_client'
puma (3.12.2) lib/puma/server.rb:334:in `block in run'
puma (3.12.2) lib/puma/thread_pool.rb:135:in `block in spawn_thread'
Started GET "/" for ::1 at 2019-12-18 17:38:30 +0900
  
ActionController::RoutingError (uninitialized constant RegistrationController):
  
bootsnap (1.4.5) lib/bootsnap/load_path_cache/core_ext/active_support.rb:79:in `block in load_missing_constant'
bootsnap (1.4.5) lib/bootsnap/load_path_cache/core_ext/active_support.rb:8:in `without_bootsnap_cache'
bootsnap (1.4.5) lib/bootsnap/load_path_cache/core_ext/active_support.rb:79:in `rescue in load_missing_constant'
bootsnap (1.4.5) lib/bootsnap/load_path_cache/core_ext/active_support.rb:58:in `load_missing_constant'
activesupport (5.2.4) lib/active_support/inflector/methods.rb:283:in `const_get'
activesupport (5.2.4) lib/active_support/inflector/methods.rb:283:in `block in constantize'
activesupport (5.2.4) lib/active_support/inflector/methods.rb:281:in `each'
activesupport (5.2.4) lib/active_support/inflector/methods.rb:281:in `inject'
activesupport (5.2.4) lib/active_support/inflector/methods.rb:281:in `constantize'
actionpack (5.2.4) lib/action_dispatch/http/request.rb:88:in `controller_class_for'
actionpack (5.2.4) lib/action_dispatch/http/request.rb:81:in `controller_class'
actionpack (5.2.4) lib/action_dispatch/routing/route_set.rb:46:in `controller'
actionpack (5.2.4) lib/action_dispatch/routing/route_set.rb:32:in `serve'
actionpack (5.2.4) lib/action_dispatch/journey/router.rb:52:in `block in serve'
actionpack (5.2.4) lib/action_dispatch/journey/router.rb:35:in `each'
actionpack (5.2.4) lib/action_dispatch/journey/router.rb:35:in `serve'
actionpack (5.2.4) lib/action_dispatch/routing/route_set.rb:840:in `call'
rack (2.0.7) lib/rack/tempfile_reaper.rb:15:in `call'
rack (2.0.7) lib/rack/etag.rb:25:in `call'
rack (2.0.7) lib/rack/conditional_get.rb:25:in `call'
rack (2.0.7) lib/rack/head.rb:12:in `call'
actionpack (5.2.4) lib/action_dispatch/http/content_security_policy.rb:18:in `call'
rack (2.0.7) lib/rack/session/abstract/id.rb:232:in `context'
rack (2.0.7) lib/rack/session/abstract/id.rb:226:in `call'
actionpack (5.2.4) lib/action_dispatch/middleware/cookies.rb:670:in `call'
activerecord (5.2.4) lib/active_record/migration.rb:559:in `call'
actionpack (5.2.4) lib/action_dispatch/middleware/callbacks.rb:28:in `block in call'
activesupport (5.2.4) lib/active_support/callbacks.rb:98:in `run_callbacks'
actionpack (5.2.4) lib/action_dispatch/middleware/callbacks.rb:26:in `call'
actionpack (5.2.4) lib/action_dispatch/middleware/executor.rb:14:in `call'
actionpack (5.2.4) lib/action_dispatch/middleware/debug_exceptions.rb:61:in `call'
web-console (3.7.0) lib/web_console/middleware.rb:135:in `call_app'
web-console (3.7.0) lib/web_console/middleware.rb:30:in `block in call'
web-console (3.7.0) lib/web_console/middleware.rb:20:in `catch'
web-console (3.7.0) lib/web_console/middleware.rb:20:in `call'
actionpack (5.2.4) lib/action_dispatch/middleware/show_exceptions.rb:33:in `call'
railties (5.2.4) lib/rails/rack/logger.rb:38:in `call_app'
railties (5.2.4) lib/rails/rack/logger.rb:26:in `block in call'
activesupport (5.2.4) lib/active_support/tagged_logging.rb:71:in `block in tagged'
activesupport (5.2.4) lib/active_support/tagged_logging.rb:28:in `tagged'
activesupport (5.2.4) lib/active_support/tagged_logging.rb:71:in `tagged'
railties (5.2.4) lib/rails/rack/logger.rb:26:in `call'
sprockets-rails (3.2.1) lib/sprockets/rails/quiet_assets.rb:13:in `call'
actionpack (5.2.4) lib/action_dispatch/middleware/remote_ip.rb:81:in `call'
actionpack (5.2.4) lib/action_dispatch/middleware/request_id.rb:27:in `call'
rack (2.0.7) lib/rack/method_override.rb:22:in `call'
rack (2.0.7) lib/rack/runtime.rb:22:in `call'
activesupport (5.2.4) lib/active_support/cache/strategy/local_cache_middleware.rb:29:in `call'
actionpack (5.2.4) lib/action_dispatch/middleware/executor.rb:14:in `call'
actionpack (5.2.4) lib/action_dispatch/middleware/static.rb:127:in `call'
rack (2.0.7) lib/rack/sendfile.rb:111:in `call'
railties (5.2.4) lib/rails/engine.rb:524:in `call'
puma (3.12.2) lib/puma/configuration.rb:227:in `call'
puma (3.12.2) lib/puma/server.rb:674:in `handle_request'
puma (3.12.2) lib/puma/server.rb:476:in `process_client'
puma (3.12.2) lib/puma/server.rb:334:in `block in run'
puma (3.12.2) lib/puma/thread_pool.rb:135:in `block in spawn_thread'
Started GET "/" for ::1 at 2019-12-18 17:42:57 +0900
  [1m[35m (0.4ms)[0m  [1m[35mSET NAMES utf8,  @@SESSION.sql_mode = CONCAT(CONCAT(@@sql_mode, ',STRICT_ALL_TABLES'), ',NO_AUTO_VALUE_ON_ZERO'),  @@SESSION.sql_auto_is_null = 0, @@SESSION.wait_timeout = 2147483[0m
  ↳ /Users/yamamoto/.rbenv/versions/2.5.1/lib/ruby/gems/2.5.0/gems/activerecord-5.2.4/lib/active_record/log_subscriber.rb:98
Processing by RegistrationController#new as HTML
  Rendering registration/new.html.haml within layouts/application
  Rendered registration/_single-header.html.haml (4.5ms)
  Rendered registration/new.html.haml within layouts/application (28.6ms)
Completed 500 Internal Server Error in 46ms (ActiveRecord: 0.0ms)


  
ActionView::Template::Error (Missing partial devise/shared/_links with {:locale=>[:en], :formats=>[:html], :variants=>[], :handlers=>[:raw, :erb, :html, :builder, :ruby, :coffee, :jbuilder, :haml]}. Searched in:
  * "/Users/yamamoto/Desktop/practice/freemarket_sample_65a/app/views"
):
    4:     .account-page__inner--left.account-page__header
    5:       %h2 Create Account
    6:       %h5 新規アカウントの作成
    7:       = render "devise/shared/links"
    8:     .account-page__inner--right.user-form
    9:       = form_for(resource, as: resource_name, url: registration_path(resource_name)) do |f|
   10:         = devise_error_messages!
  
app/views/registration/new.html.haml:7:in `_app_views_registration_new_html_haml___2317429231776638947_70293270239660'
Started GET "/" for ::1 at 2019-12-18 17:43:31 +0900
Processing by RegistrationController#new as HTML
  Rendering registration/new.html.haml within layouts/application
  Rendered registration/_single-header.html.haml (3.7ms)
  Rendered registration/new.html.haml within layouts/application (15.9ms)
Completed 500 Internal Server Error in 25ms (ActiveRecord: 0.0ms)


  
ActionView::Template::Error (Missing partial registration/_single_footer, application/_single_footer with {:locale=>[:en], :formats=>[:html], :variants=>[], :handlers=>[:raw, :erb, :html, :builder, :ruby, :coffee, :jbuilder, :haml]}. Searched in:
  * "/Users/yamamoto/Desktop/practice/freemarket_sample_65a/app/views"
):
    31:   -#           = f.password_field :password_confirmation, autocomplete: "off"
    32:   -#       .actions
    33:   -#         = f.submit "Create Account", class: 'btn'
    34:   = render "single_footer"
  
app/views/registration/new.html.haml:34:in `_app_views_registration_new_html_haml___2317429231776638947_70293270752540'
Started GET "/" for ::1 at 2019-12-18 17:43:48 +0900
Processing by RegistrationController#new as HTML
  Rendering registration/new.html.haml within layouts/application
  Rendered registration/_single-header.html.haml (2.6ms)
  Rendered registration/_single-footer.html.haml (1.9ms)
  Rendered registration/new.html.haml within layouts/application (12.9ms)
Completed 200 OK in 595ms (Views: 591.3ms | ActiveRecord: 0.0ms)


Started GET "/" for ::1 at 2019-12-18 17:53:35 +0900
  [1m[35m (1.1ms)[0m  [1m[35mSET NAMES utf8,  @@SESSION.sql_mode = CONCAT(CONCAT(@@sql_mode, ',STRICT_ALL_TABLES'), ',NO_AUTO_VALUE_ON_ZERO'),  @@SESSION.sql_auto_is_null = 0, @@SESSION.wait_timeout = 2147483[0m
  ↳ /Users/yamamoto/.rbenv/versions/2.5.1/lib/ruby/gems/2.5.0/gems/activerecord-5.2.4/lib/active_record/log_subscriber.rb:98
Processing by RegistrationController#new as HTML
  Rendering registration/new.html.haml within layouts/application
  Rendered registration/_single-header.html.haml (2.9ms)
  Rendered registration/_single-footer.html.haml (1.7ms)
  Rendered registration/new.html.haml within layouts/application (12.9ms)
Completed 200 OK in 103ms (Views: 98.7ms | ActiveRecord: 0.0ms)


Started GET "/" for ::1 at 2019-12-18 17:53:36 +0900
Processing by RegistrationController#new as HTML
  Rendering registration/new.html.haml within layouts/application
  Rendered registration/_single-header.html.haml (2.3ms)
  Rendered registration/_single-footer.html.haml (2.1ms)
  Rendered registration/new.html.haml within layouts/application (11.8ms)
Completed 200 OK in 39ms (Views: 34.2ms | ActiveRecord: 0.0ms)


Started GET "/" for ::1 at 2019-12-18 17:53:36 +0900
Processing by RegistrationController#new as HTML
  Rendering registration/new.html.haml within layouts/application
  Rendered registration/_single-header.html.haml (2.8ms)
  Rendered registration/_single-footer.html.haml (1.7ms)
  Rendered registration/new.html.haml within layouts/application (13.3ms)
Completed 200 OK in 40ms (Views: 36.2ms | ActiveRecord: 0.0ms)


Started GET "/" for ::1 at 2019-12-18 17:53:43 +0900
Processing by RegistrationController#new as HTML
  Rendering registration/new.html.haml within layouts/application
  Rendered registration/_single-header.html.haml (4.3ms)
  Rendered registration/_single-footer.html.haml (1.7ms)
  Rendered registration/new.html.haml within layouts/application (14.4ms)
Completed 200 OK in 39ms (Views: 35.6ms | ActiveRecord: 0.0ms)


Started GET "/" for ::1 at 2019-12-18 17:54:33 +0900
Processing by RegistrationController#new as HTML
  Rendering registration/new.html.haml within layouts/application
  Rendered registration/_single-header.html.haml (2.8ms)
  Rendered registration/_single-footer.html.haml (1.6ms)
  Rendered registration/new.html.haml within layouts/application (13.3ms)
Completed 200 OK in 80ms (Views: 76.5ms | ActiveRecord: 0.0ms)


Started GET "/" for ::1 at 2019-12-18 17:54:54 +0900
Processing by RegistrationController#new as HTML
  Rendering registration/new.html.haml within layouts/application
  Rendered registration/_single-header.html.haml (3.6ms)
  Rendered registration/_single-footer.html.haml (4.8ms)
  Rendered registration/new.html.haml within layouts/application (19.0ms)
Completed 200 OK in 115ms (Views: 110.8ms | ActiveRecord: 0.0ms)


Started GET "/" for ::1 at 2019-12-18 17:54:54 +0900
Processing by RegistrationController#new as HTML
  Rendering registration/new.html.haml within layouts/application
  Rendered registration/_single-header.html.haml (3.0ms)
  Rendered registration/_single-footer.html.haml (1.6ms)
  Rendered registration/new.html.haml within layouts/application (12.4ms)
Completed 200 OK in 38ms (Views: 35.3ms | ActiveRecord: 0.0ms)


Started GET "/" for ::1 at 2019-12-18 17:54:54 +0900
Processing by RegistrationController#new as HTML
  Rendering registration/new.html.haml within layouts/application
  Rendered registration/_single-header.html.haml (3.3ms)
  Rendered registration/_single-footer.html.haml (1.7ms)
  Rendered registration/new.html.haml within layouts/application (12.6ms)
Completed 200 OK in 40ms (Views: 37.2ms | ActiveRecord: 0.0ms)


Started GET "/" for ::1 at 2019-12-18 17:55:04 +0900
Processing by RegistrationController#new as HTML
  Rendering registration/new.html.haml within layouts/application
  Rendered registration/_single-header.html.haml (3.7ms)
  Rendered registration/_single-footer.html.haml (2.1ms)
  Rendered registration/new.html.haml within layouts/application (15.1ms)
Completed 200 OK in 57ms (Views: 54.0ms | ActiveRecord: 0.0ms)


Started GET "/" for ::1 at 2019-12-18 17:56:09 +0900
Processing by RegistrationController#new as HTML
  Rendering registration/new.html.haml within layouts/application
  Rendered registration/_single-header.html.haml (3.0ms)
  Rendered registration/_single-footer.html.haml (1.6ms)
  Rendered registration/new.html.haml within layouts/application (14.2ms)
Completed 200 OK in 69ms (Views: 65.0ms | ActiveRecord: 0.0ms)


Started GET "/" for ::1 at 2019-12-18 17:56:10 +0900
Processing by RegistrationController#new as HTML
  Rendering registration/new.html.haml within layouts/application
  Rendered registration/_single-header.html.haml (2.9ms)
  Rendered registration/_single-footer.html.haml (1.7ms)
  Rendered registration/new.html.haml within layouts/application (13.8ms)
Completed 200 OK in 40ms (Views: 35.9ms | ActiveRecord: 0.0ms)


Started GET "/" for ::1 at 2019-12-18 17:56:10 +0900
Processing by RegistrationController#new as HTML
  Rendering registration/new.html.haml within layouts/application
  Rendered registration/_single-header.html.haml (2.5ms)
  Rendered registration/_single-footer.html.haml (1.8ms)
  Rendered registration/new.html.haml within layouts/application (12.2ms)
Completed 200 OK in 42ms (Views: 39.0ms | ActiveRecord: 0.0ms)


Started GET "/" for ::1 at 2019-12-18 17:56:12 +0900
Processing by RegistrationController#new as HTML
  Rendering registration/new.html.haml within layouts/application
  Rendered registration/_single-header.html.haml (3.5ms)
  Rendered registration/_single-footer.html.haml (1.6ms)
  Rendered registration/new.html.haml within layouts/application (15.6ms)
Completed 200 OK in 42ms (Views: 37.7ms | ActiveRecord: 0.0ms)


Started GET "/" for ::1 at 2019-12-18 17:56:13 +0900
Processing by RegistrationController#new as HTML
  Rendering registration/new.html.haml within layouts/application
  Rendered registration/_single-header.html.haml (2.5ms)
  Rendered registration/_single-footer.html.haml (2.1ms)
  Rendered registration/new.html.haml within layouts/application (13.3ms)
Completed 200 OK in 40ms (Views: 35.7ms | ActiveRecord: 0.0ms)


Started GET "/" for ::1 at 2019-12-18 17:58:41 +0900
Processing by RegistrationController#new as HTML
  Rendering registration/new.html.haml within layouts/application
  Rendered registration/_single-header.html.haml (3.7ms)
  Rendered registration/_single-footer.html.haml (1.8ms)
  Rendered registration/new.html.haml within layouts/application (14.9ms)
Completed 200 OK in 90ms (Views: 85.9ms | ActiveRecord: 0.0ms)


Started GET "/" for ::1 at 2019-12-18 17:58:41 +0900
Processing by RegistrationController#new as HTML
  Rendering registration/new.html.haml within layouts/application
  Rendered registration/_single-header.html.haml (3.4ms)
  Rendered registration/_single-footer.html.haml (1.8ms)
  Rendered registration/new.html.haml within layouts/application (15.1ms)
Completed 200 OK in 38ms (Views: 35.2ms | ActiveRecord: 0.0ms)


Started GET "/" for ::1 at 2019-12-18 17:59:14 +0900
Processing by RegistrationController#new as HTML
  Rendering registration/new.html.haml within layouts/application
  Rendered registration/_single-header.html.haml (5.4ms)
  Rendered registration/_single-footer.html.haml (2.4ms)
  Rendered registration/new.html.haml within layouts/application (20.5ms)
Completed 200 OK in 56ms (Views: 53.0ms | ActiveRecord: 0.0ms)


Started GET "/" for ::1 at 2019-12-18 17:59:14 +0900
Processing by RegistrationController#new as HTML
  Rendering registration/new.html.haml within layouts/application
  Rendered registration/_single-header.html.haml (3.1ms)
  Rendered registration/_single-footer.html.haml (1.9ms)
  Rendered registration/new.html.haml within layouts/application (12.1ms)
Completed 200 OK in 38ms (Views: 35.6ms | ActiveRecord: 0.0ms)


Started GET "/" for ::1 at 2019-12-18 18:13:48 +0900
  [1m[35m (1.5ms)[0m  [1m[35mSET NAMES utf8,  @@SESSION.sql_mode = CONCAT(CONCAT(@@sql_mode, ',STRICT_ALL_TABLES'), ',NO_AUTO_VALUE_ON_ZERO'),  @@SESSION.sql_auto_is_null = 0, @@SESSION.wait_timeout = 2147483[0m
  ↳ /Users/yamamoto/.rbenv/versions/2.5.1/lib/ruby/gems/2.5.0/gems/activerecord-5.2.4/lib/active_record/log_subscriber.rb:98
Processing by RegistrationController#new as HTML
  Rendering registration/new.html.haml within layouts/application
  Rendered registration/_single-header.html.haml (6.3ms)
  Rendered registration/_single-footer.html.haml (3.2ms)
  Rendered registration/new.html.haml within layouts/application (28.4ms)
Completed 200 OK in 144ms (Views: 134.2ms | ActiveRecord: 0.0ms)


Started GET "/" for ::1 at 2019-12-18 18:15:38 +0900
Processing by RegistrationController#new as HTML
  Rendering registration/new.html.haml within layouts/application
  Rendered registration/_single-header.html.haml (7.1ms)
  Rendered registration/_single-footer.html.haml (2.5ms)
  Rendered registration/new.html.haml within layouts/application (20.5ms)
Completed 200 OK in 83ms (Views: 78.2ms | ActiveRecord: 0.0ms)


Started GET "/" for ::1 at 2019-12-18 18:16:32 +0900
Processing by RegistrationController#new as HTML
  Rendering registration/new.html.haml within layouts/application
  Rendered registration/_single-header.html.haml (4.7ms)
  Rendered registration/_single-footer.html.haml (2.7ms)
  Rendered registration/new.html.haml within layouts/application (19.2ms)
Completed 200 OK in 79ms (Views: 74.7ms | ActiveRecord: 0.0ms)


Started GET "/" for ::1 at 2019-12-18 18:17:34 +0900
Processing by RegistrationController#new as HTML
  Rendering registration/new.html.haml within layouts/application
  Rendered registration/_single-header.html.haml (6.0ms)
  Rendered registration/_single-footer.html.haml (3.8ms)
  Rendered registration/new.html.haml within layouts/application (24.0ms)
Completed 200 OK in 73ms (Views: 68.9ms | ActiveRecord: 0.0ms)


Started GET "/" for ::1 at 2019-12-18 18:29:28 +0900
  [1m[35m (0.4ms)[0m  [1m[35mSET NAMES utf8,  @@SESSION.sql_mode = CONCAT(CONCAT(@@sql_mode, ',STRICT_ALL_TABLES'), ',NO_AUTO_VALUE_ON_ZERO'),  @@SESSION.sql_auto_is_null = 0, @@SESSION.wait_timeout = 2147483[0m
  ↳ /Users/yamamoto/.rbenv/versions/2.5.1/lib/ruby/gems/2.5.0/gems/activerecord-5.2.4/lib/active_record/log_subscriber.rb:98
Processing by RegistrationController#new as HTML
  Rendering registration/new.html.haml within layouts/application
  Rendered registration/_single-header.html.haml (6.9ms)
  Rendered registration/_single-footer.html.haml (31.7ms)
  Rendered registration/new.html.haml within layouts/application (51.3ms)
Completed 500 Internal Server Error in 64ms (ActiveRecord: 0.0ms)


  
SyntaxError (/Users/yamamoto/Desktop/practice/freemarket_sample_65a/app/views/registration/_single-footer.html.haml:5: syntax error, unexpected $undefined, expecting ')'
....to_s);; _hamlout.buffer << ("\n".freeze);; end;; _hamlout.b...
...                              ^
/Users/yamamoto/Desktop/practice/freemarket_sample_65a/app/views/registration/_single-footer.html.haml:5: syntax error, unexpected tIDENTIFIER, expecting ')'
...to_s);; _hamlout.buffer << ("© Mercari, Inc.\n</h1>\n</div>...
...                             ^~
/Users/yamamoto/Desktop/practice/freemarket_sample_65a/app/views/registration/_single-footer.html.haml:5: syntax error, unexpected $undefined, expecting '('
...t.buffer << ("© Mercari, Inc.\n</h1>\n</div>\n".freeze);::H...
...                              ^
/Users/yamamoto/Desktop/practice/freemarket_sample_65a/app/views/registration/_single-footer.html.haml:5: unknown regexp options - dv
/Users/yamamoto/Desktop/practice/freemarket_sample_65a/app/views/registration/_single-footer.html.haml:5: syntax error, unexpected $undefined
...© Mercari, Inc.\n</h1>\n</div>\n".freeze);::Haml::Util.html_...
...                               ^
/Users/yamamoto/Desktop/practice/freemarket_sample_65a/app/views/registration/_single-footer.html.haml:8: unterminated string meets end of file
          end
             ^
/Users/yamamoto/Desktop/practice/freemarket_sample_65a/app/views/registration/_single-footer.html.haml:8: syntax error, unexpected end-of-input, expecting ')'
          end
             ^):
  
app/views/registration/_single-footer.html.haml:5: syntax error, unexpected $undefined, expecting ')'
app/views/registration/_single-footer.html.haml:5: syntax error, unexpected tIDENTIFIER, expecting ')'
app/views/registration/_single-footer.html.haml:5: syntax error, unexpected $undefined, expecting '('
app/views/registration/_single-footer.html.haml:5: unknown regexp options - dv
app/views/registration/_single-footer.html.haml:5: syntax error, unexpected $undefined
app/views/registration/_single-footer.html.haml:8: unterminated string meets end of file
app/views/registration/_single-footer.html.haml:8: syntax error, unexpected end-of-input, expecting ')'
app/views/registration/new.html.haml:34:in `_app_views_registration_new_html_haml___2317429231776638947_70293251504000'
Started GET "/" for ::1 at 2019-12-18 18:30:53 +0900
Processing by RegistrationController#new as HTML
  Rendering registration/new.html.haml within layouts/application
  Rendered registration/_single-header.html.haml (3.5ms)
  Rendered registration/_single-footer.html.haml (2.7ms)
  Rendered registration/new.html.haml within layouts/application (17.4ms)
Completed 200 OK in 59ms (Views: 54.8ms | ActiveRecord: 0.0ms)


Started GET "/" for ::1 at 2019-12-18 18:31:06 +0900
Processing by RegistrationController#new as HTML
  Rendering registration/new.html.haml within layouts/application
  Rendered registration/_single-header.html.haml (2.6ms)
  Rendered registration/_single-footer.html.haml (3.3ms)
  Rendered registration/new.html.haml within layouts/application (14.8ms)
Completed 200 OK in 41ms (Views: 38.0ms | ActiveRecord: 0.0ms)


Started GET "/" for ::1 at 2019-12-18 18:32:14 +0900
Processing by RegistrationController#new as HTML
  Rendering registration/new.html.haml within layouts/application
  Rendered registration/_single-header.html.haml (4.0ms)
  Rendered registration/_single-footer.html.haml (2.5ms)
  Rendered registration/new.html.haml within layouts/application (15.6ms)
Completed 200 OK in 90ms (Views: 84.7ms | ActiveRecord: 0.0ms)


Started GET "/" for ::1 at 2019-12-18 18:32:31 +0900
Processing by RegistrationController#new as HTML
  Rendering registration/new.html.haml within layouts/application
  Rendered registration/_single-header.html.haml (3.3ms)
  Rendered registration/_single-footer.html.haml (2.4ms)
  Rendered registration/new.html.haml within layouts/application (16.9ms)
Completed 200 OK in 64ms (Views: 59.7ms | ActiveRecord: 0.0ms)


Started GET "/" for ::1 at 2019-12-18 18:32:31 +0900
Processing by RegistrationController#new as HTML
  Rendering registration/new.html.haml within layouts/application
  Rendered registration/_single-header.html.haml (3.6ms)
  Rendered registration/_single-footer.html.haml (2.6ms)
  Rendered registration/new.html.haml within layouts/application (14.0ms)
Completed 200 OK in 39ms (Views: 35.7ms | ActiveRecord: 0.0ms)


Started GET "/" for ::1 at 2019-12-18 18:32:31 +0900
Processing by RegistrationController#new as HTML
  Rendering registration/new.html.haml within layouts/application
  Rendered registration/_single-header.html.haml (2.6ms)
  Rendered registration/_single-footer.html.haml (2.7ms)
  Rendered registration/new.html.haml within layouts/application (13.2ms)
Completed 200 OK in 40ms (Views: 37.2ms | ActiveRecord: 0.0ms)


Started GET "/" for ::1 at 2019-12-18 18:32:40 +0900
Processing by RegistrationController#new as HTML
  Rendering registration/new.html.haml within layouts/application
  Rendered registration/_single-header.html.haml (3.4ms)
  Rendered registration/_single-footer.html.haml (2.7ms)
  Rendered registration/new.html.haml within layouts/application (14.3ms)
Completed 200 OK in 41ms (Views: 36.2ms | ActiveRecord: 0.0ms)


Started GET "/" for ::1 at 2019-12-18 18:32:42 +0900
Processing by RegistrationController#new as HTML
  Rendering registration/new.html.haml within layouts/application
  Rendered registration/_single-header.html.haml (2.8ms)
  Rendered registration/_single-footer.html.haml (2.9ms)
  Rendered registration/new.html.haml within layouts/application (16.2ms)
Completed 200 OK in 47ms (Views: 43.1ms | ActiveRecord: 0.0ms)


Started GET "/" for ::1 at 2019-12-18 18:59:55 +0900
  [1m[35m (1.1ms)[0m  [1m[35mSET NAMES utf8,  @@SESSION.sql_mode = CONCAT(CONCAT(@@sql_mode, ',STRICT_ALL_TABLES'), ',NO_AUTO_VALUE_ON_ZERO'),  @@SESSION.sql_auto_is_null = 0, @@SESSION.wait_timeout = 2147483[0m
  ↳ /Users/yamamoto/.rbenv/versions/2.5.1/lib/ruby/gems/2.5.0/gems/activerecord-5.2.4/lib/active_record/log_subscriber.rb:98
Processing by RegistrationController#new as HTML
  Rendering registration/new.html.haml within layouts/application
  Rendered registration/_single-header.html.haml (5.3ms)
  Rendered registration/_single-footer.html.haml (6.0ms)
  Rendered registration/new.html.haml within layouts/application (23.9ms)
Completed 200 OK in 92ms (Views: 88.0ms | ActiveRecord: 0.0ms)


Started GET "/" for ::1 at 2019-12-18 19:01:03 +0900
Processing by RegistrationController#new as HTML
  Rendering registration/new.html.haml within layouts/application
  Rendered registration/_single-header.html.haml (4.3ms)
  Rendered registration/_single-footer.html.haml (5.2ms)
  Rendered registration/new.html.haml within layouts/application (18.1ms)
Completed 200 OK in 96ms (Views: 91.4ms | ActiveRecord: 0.0ms)


Started GET "/" for ::1 at 2019-12-18 19:01:42 +0900
Processing by RegistrationController#new as HTML
  Rendering registration/new.html.haml within layouts/application
  Rendered registration/_single-header.html.haml (2.8ms)
  Rendered registration/_single-footer.html.haml (3.2ms)
  Rendered registration/new.html.haml within layouts/application (16.3ms)
Completed 200 OK in 70ms (Views: 66.3ms | ActiveRecord: 0.0ms)


Started GET "/" for ::1 at 2019-12-18 19:01:48 +0900
Processing by RegistrationController#new as HTML
  Rendering registration/new.html.haml within layouts/application
  Rendered registration/_single-header.html.haml (2.6ms)
  Rendered registration/_single-footer.html.haml (3.6ms)
  Rendered registration/new.html.haml within layouts/application (14.2ms)
Completed 200 OK in 61ms (Views: 57.7ms | ActiveRecord: 0.0ms)


Started GET "/" for ::1 at 2019-12-18 19:02:05 +0900
Processing by RegistrationController#new as HTML
  Rendering registration/new.html.haml within layouts/application
  Rendered registration/_single-header.html.haml (2.6ms)
  Rendered registration/_single-footer.html.haml (4.3ms)
  Rendered registration/new.html.haml within layouts/application (15.8ms)
Completed 200 OK in 62ms (Views: 59.1ms | ActiveRecord: 0.0ms)


Started GET "/" for ::1 at 2019-12-18 19:03:12 +0900
Processing by RegistrationController#new as HTML
  Rendering registration/new.html.haml within layouts/application
  Rendered registration/_single-header.html.haml (3.4ms)
  Rendered registration/_single-footer.html.haml (5.1ms)
  Rendered registration/new.html.haml within layouts/application (18.4ms)
Completed 200 OK in 89ms (Views: 84.9ms | ActiveRecord: 0.0ms)


Started GET "/" for ::1 at 2019-12-18 19:05:10 +0900
Processing by RegistrationController#new as HTML
  Rendering registration/new.html.haml within layouts/application
  Rendered registration/_single-header.html.haml (2.9ms)
  Rendered registration/_single-footer.html.haml (3.9ms)
  Rendered registration/new.html.haml within layouts/application (17.7ms)
Completed 200 OK in 98ms (Views: 92.9ms | ActiveRecord: 0.0ms)


Started GET "/" for ::1 at 2019-12-18 19:05:30 +0900
Processing by RegistrationController#new as HTML
  Rendering registration/new.html.haml within layouts/application
  Rendered registration/_single-header.html.haml (2.9ms)
  Rendered registration/_single-footer.html.haml (4.1ms)
  Rendered registration/new.html.haml within layouts/application (15.3ms)
Completed 200 OK in 95ms (Views: 90.0ms | ActiveRecord: 0.0ms)


Started GET "/" for ::1 at 2019-12-18 19:06:44 +0900
Processing by RegistrationController#new as HTML
  Rendering registration/new.html.haml within layouts/application
  Rendered registration/_single-header.html.haml (4.3ms)
  Rendered registration/_single-footer.html.haml (3.5ms)
  Rendered registration/new.html.haml within layouts/application (18.9ms)
Completed 200 OK in 85ms (Views: 81.0ms | ActiveRecord: 0.0ms)


Started GET "/" for ::1 at 2019-12-18 19:07:00 +0900
Processing by RegistrationController#new as HTML
  Rendering registration/new.html.haml within layouts/application
  Rendered registration/_single-header.html.haml (3.8ms)
  Rendered registration/_single-footer.html.haml (4.3ms)
  Rendered registration/new.html.haml within layouts/application (17.4ms)
Completed 200 OK in 65ms (Views: 61.8ms | ActiveRecord: 0.0ms)


Started GET "/" for ::1 at 2019-12-18 19:07:53 +0900
Processing by RegistrationController#new as HTML
  Rendering registration/new.html.haml within layouts/application
  Rendered registration/_single-header.html.haml (2.6ms)
  Rendered registration/_single-footer.html.haml (3.8ms)
  Rendered registration/new.html.haml within layouts/application (14.4ms)
Completed 200 OK in 43ms (Views: 39.0ms | ActiveRecord: 0.0ms)


Started GET "/" for ::1 at 2019-12-18 19:08:08 +0900
Processing by RegistrationController#new as HTML
  Rendering registration/new.html.haml within layouts/application
  Rendered registration/_single-header.html.haml (2.6ms)
  Rendered registration/_single-footer.html.haml (3.9ms)
  Rendered registration/new.html.haml within layouts/application (14.5ms)
Completed 200 OK in 43ms (Views: 39.6ms | ActiveRecord: 0.0ms)


Started GET "/" for ::1 at 2019-12-18 19:08:24 +0900
Processing by RegistrationController#new as HTML
  Rendering registration/new.html.haml within layouts/application
  Rendered registration/_single-header.html.haml (3.2ms)
  Rendered registration/_single-footer.html.haml (3.9ms)
  Rendered registration/new.html.haml within layouts/application (15.5ms)
Completed 200 OK in 51ms (Views: 46.1ms | ActiveRecord: 0.0ms)


Started GET "/" for ::1 at 2019-12-18 19:09:11 +0900
Processing by RegistrationController#new as HTML
  Rendering registration/new.html.haml within layouts/application
  Rendered registration/_single-header.html.haml (3.3ms)
  Rendered registration/_single-footer.html.haml (4.0ms)
  Rendered registration/new.html.haml within layouts/application (15.4ms)
Completed 200 OK in 62ms (Views: 59.0ms | ActiveRecord: 0.0ms)


Started GET "/" for ::1 at 2019-12-18 19:09:13 +0900
Processing by RegistrationController#new as HTML
  Rendering registration/new.html.haml within layouts/application
  Rendered registration/_single-header.html.haml (3.7ms)
  Rendered registration/_single-footer.html.haml (4.4ms)
  Rendered registration/new.html.haml within layouts/application (17.2ms)
Completed 200 OK in 48ms (Views: 45.2ms | ActiveRecord: 0.0ms)


Started GET "/" for ::1 at 2019-12-18 19:09:38 +0900
Processing by RegistrationController#new as HTML
  Rendering registration/new.html.haml within layouts/application
  Rendered registration/_single-header.html.haml (3.1ms)
  Rendered registration/_single-footer.html.haml (3.6ms)
  Rendered registration/new.html.haml within layouts/application (14.9ms)
Completed 200 OK in 44ms (Views: 41.3ms | ActiveRecord: 0.0ms)


Started GET "/" for ::1 at 2019-12-18 19:10:40 +0900
Processing by RegistrationController#new as HTML
  Rendering registration/new.html.haml within layouts/application
  Rendered registration/_single-header.html.haml (2.6ms)
  Rendered registration/_single-footer.html.haml (2.6ms)
  Rendered registration/new.html.haml within layouts/application (15.4ms)
Completed 200 OK in 63ms (Views: 58.8ms | ActiveRecord: 0.0ms)


Started GET "/" for ::1 at 2019-12-18 19:10:47 +0900
Processing by RegistrationController#new as HTML
  Rendering registration/new.html.haml within layouts/application
  Rendered registration/_single-header.html.haml (2.8ms)
  Rendered registration/_single-footer.html.haml (3.6ms)
  Rendered registration/new.html.haml within layouts/application (16.5ms)
Completed 200 OK in 43ms (Views: 39.7ms | ActiveRecord: 0.0ms)


Started GET "/" for ::1 at 2019-12-18 19:11:05 +0900
Processing by RegistrationController#new as HTML
  Rendering registration/new.html.haml within layouts/application
  Rendered registration/_single-header.html.haml (2.8ms)
  Rendered registration/_single-footer.html.haml (4.3ms)
  Rendered registration/new.html.haml within layouts/application (15.1ms)
Completed 200 OK in 62ms (Views: 58.6ms | ActiveRecord: 0.0ms)


Started GET "/" for ::1 at 2019-12-18 19:11:16 +0900
Processing by RegistrationController#new as HTML
  Rendering registration/new.html.haml within layouts/application
  Rendered registration/_single-header.html.haml (2.5ms)
  Rendered registration/_single-footer.html.haml (3.3ms)
  Rendered registration/new.html.haml within layouts/application (13.3ms)
Completed 200 OK in 67ms (Views: 63.3ms | ActiveRecord: 0.0ms)


Started GET "/" for ::1 at 2019-12-18 19:11:23 +0900
Processing by RegistrationController#new as HTML
  Rendering registration/new.html.haml within layouts/application
  Rendered registration/_single-header.html.haml (2.6ms)
  Rendered registration/_single-footer.html.haml (3.4ms)
  Rendered registration/new.html.haml within layouts/application (14.8ms)
Completed 200 OK in 42ms (Views: 38.1ms | ActiveRecord: 0.0ms)


Started GET "/" for ::1 at 2019-12-18 19:12:17 +0900
Processing by RegistrationController#new as HTML
  Rendering registration/new.html.haml within layouts/application
  Rendered registration/_single-header.html.haml (3.9ms)
  Rendered registration/_single-footer.html.haml (3.2ms)
  Rendered registration/new.html.haml within layouts/application (18.0ms)
Completed 200 OK in 83ms (Views: 79.4ms | ActiveRecord: 0.0ms)


Started GET "/" for ::1 at 2019-12-18 19:12:42 +0900
Processing by RegistrationController#new as HTML
  Rendering registration/new.html.haml within layouts/application
  Rendered registration/_single-header.html.haml (2.4ms)
  Rendered registration/_single-footer.html.haml (3.6ms)
  Rendered registration/new.html.haml within layouts/application (12.7ms)
Completed 200 OK in 67ms (Views: 62.6ms | ActiveRecord: 0.0ms)


Started GET "/" for ::1 at 2019-12-18 19:13:05 +0900
Processing by RegistrationController#new as HTML
  Rendering registration/new.html.haml within layouts/application
  Rendered registration/_single-header.html.haml (2.6ms)
  Rendered registration/_single-footer.html.haml (3.6ms)
  Rendered registration/new.html.haml within layouts/application (14.0ms)
Completed 200 OK in 60ms (Views: 56.6ms | ActiveRecord: 0.0ms)


Started GET "/" for ::1 at 2019-12-18 19:13:33 +0900
Processing by RegistrationController#new as HTML
  Rendering registration/new.html.haml within layouts/application
  Rendered registration/_single-header.html.haml (3.7ms)
  Rendered registration/_single-footer.html.haml (3.1ms)
  Rendered registration/new.html.haml within layouts/application (18.0ms)
Completed 200 OK in 49ms (Views: 45.4ms | ActiveRecord: 0.0ms)


Started GET "/" for ::1 at 2019-12-18 19:41:07 +0900
  [1m[35m (1.3ms)[0m  [1m[35mSET NAMES utf8,  @@SESSION.sql_mode = CONCAT(CONCAT(@@sql_mode, ',STRICT_ALL_TABLES'), ',NO_AUTO_VALUE_ON_ZERO'),  @@SESSION.sql_auto_is_null = 0, @@SESSION.wait_timeout = 2147483[0m
  ↳ /Users/yamamoto/.rbenv/versions/2.5.1/lib/ruby/gems/2.5.0/gems/activerecord-5.2.4/lib/active_record/log_subscriber.rb:98
Processing by RegistrationController#new as HTML
  Rendering registration/new.html.haml within layouts/application
  Rendered registration/_single-header.html.haml (9.8ms)
  Rendered registration/_single-main.html.haml (7.7ms)
  Rendered registration/new.html.haml within layouts/application (38.6ms)
Completed 500 Internal Server Error in 56ms (ActiveRecord: 0.0ms)


  
ActionView::Template::Error (Illegal nesting: nesting within plain text is illegal.):
     7: 
     8: 
     9: <main class="single-main">
    10:           <section class="l-single-container">
    11:     <h2 class="l-single-head registration">新規会員登録</h2>
    12: 
    13:     <div class="l-single-inner registration-form">
  
app/views/registration/_single-main.html.haml:10
app/views/registration/new.html.haml:3:in `_app_views_registration_new_html_haml___2317429231776638947_70293291168240'
Started GET "/" for ::1 at 2019-12-18 19:47:51 +0900
  [1m[35m (1.4ms)[0m  [1m[35mSET NAMES utf8,  @@SESSION.sql_mode = CONCAT(CONCAT(@@sql_mode, ',STRICT_ALL_TABLES'), ',NO_AUTO_VALUE_ON_ZERO'),  @@SESSION.sql_auto_is_null = 0, @@SESSION.wait_timeout = 2147483[0m
  ↳ /Users/yamamoto/.rbenv/versions/2.5.1/lib/ruby/gems/2.5.0/gems/activerecord-5.2.4/lib/active_record/log_subscriber.rb:98
Processing by RegistrationController#new as HTML
  Rendering registration/new.html.haml within layouts/application
  Rendered registration/_single-header.html.haml (8.6ms)
  Rendered registration/_single-main.html.haml (8.0ms)
  Rendered registration/_single-footer.html.haml (6.1ms)
  Rendered registration/new.html.haml within layouts/application (45.5ms)
Completed 200 OK in 118ms (Views: 107.2ms | ActiveRecord: 0.0ms)


Started GET "/" for ::1 at 2019-12-18 19:49:48 +0900
Processing by RegistrationController#new as HTML
  Rendering registration/new.html.haml within layouts/application
  Rendered registration/_single-header.html.haml (3.5ms)
  Rendered registration/_single-main.html.haml (5.8ms)
  Rendered registration/_single-footer.html.haml (4.7ms)
  Rendered registration/new.html.haml within layouts/application (26.6ms)
Completed 200 OK in 113ms (Views: 108.4ms | ActiveRecord: 0.0ms)


Started GET "/" for ::1 at 2019-12-18 19:50:34 +0900
Processing by RegistrationController#new as HTML
  Rendering registration/new.html.haml within layouts/application
  Rendered registration/_single-header.html.haml (9.5ms)
  Rendered registration/_single-main.html.haml (5.4ms)
  Rendered registration/_single-footer.html.haml (4.1ms)
  Rendered registration/new.html.haml within layouts/application (30.5ms)
Completed 200 OK in 117ms (Views: 113.1ms | ActiveRecord: 0.0ms)


Started GET "/" for ::1 at 2019-12-18 19:50:57 +0900
Processing by RegistrationController#new as HTML
  Rendering registration/new.html.haml within layouts/application
  Rendered registration/_single-header.html.haml (3.9ms)
  Rendered registration/_single-main.html.haml (4.9ms)
  Rendered registration/_single-footer.html.haml (4.6ms)
  Rendered registration/new.html.haml within layouts/application (25.3ms)
Completed 200 OK in 118ms (Views: 114.0ms | ActiveRecord: 0.0ms)


Started GET "/" for ::1 at 2019-12-18 19:52:16 +0900
Processing by RegistrationController#new as HTML
  Rendering registration/new.html.haml within layouts/application
  Rendered registration/_single-header.html.haml (3.3ms)
  Rendered registration/_single-main.html.haml (3.7ms)
  Rendered registration/_single-footer.html.haml (3.5ms)
  Rendered registration/new.html.haml within layouts/application (22.5ms)
Completed 200 OK in 83ms (Views: 78.1ms | ActiveRecord: 0.0ms)


Started GET "/" for ::1 at 2019-12-18 19:57:16 +0900
Processing by RegistrationController#new as HTML
  Rendering registration/new.html.haml within layouts/application
  Rendered registration/_single-header.html.haml (4.8ms)
  Rendered registration/_single-main.html.haml (3.7ms)
  Rendered registration/_single-footer.html.haml (3.3ms)
  Rendered registration/new.html.haml within layouts/application (22.9ms)
Completed 200 OK in 91ms (Views: 86.1ms | ActiveRecord: 0.0ms)


Started GET "/" for ::1 at 2019-12-18 19:59:41 +0900
Processing by RegistrationController#new as HTML
  Rendering registration/new.html.haml within layouts/application
  Rendered registration/_single-header.html.haml (3.7ms)
  Rendered registration/_single-main.html.haml (3.9ms)
  Rendered registration/_single-footer.html.haml (2.9ms)
  Rendered registration/new.html.haml within layouts/application (23.0ms)
Completed 500 Internal Server Error in 55ms (ActiveRecord: 0.0ms)


  
ActionView::Template::Error (Invalid CSS after "      button": expected "{", was "}"):
     5:     <%= csrf_meta_tags %>
     6:     <%= csp_meta_tag %>
     7: 
     8:     <%= stylesheet_link_tag    'application', media: 'all', 'data-turbolinks-track': 'reload' %>
     9:     <%= javascript_include_tag 'application', 'data-turbolinks-track': 'reload' %>
    10:   </head>
    11: 
  
app/assets/stylesheets/_registration.scss:31
app/assets/stylesheets/application.scss:1
app/views/layouts/application.html.erb:8:in `_app_views_layouts_application_html_erb___1113850890298185345_70293281657200'
Started GET "/" for ::1 at 2019-12-18 19:59:58 +0900
Processing by RegistrationController#new as HTML
  Rendering registration/new.html.haml within layouts/application
  Rendered registration/_single-header.html.haml (3.1ms)
  Rendered registration/_single-main.html.haml (4.4ms)
  Rendered registration/_single-footer.html.haml (3.0ms)
  Rendered registration/new.html.haml within layouts/application (21.6ms)
Completed 200 OK in 82ms (Views: 79.1ms | ActiveRecord: 0.0ms)


Started GET "/" for ::1 at 2019-12-18 20:02:26 +0900
Processing by RegistrationController#new as HTML
  Rendering registration/new.html.haml within layouts/application
  Rendered registration/_single-header.html.haml (2.9ms)
  Rendered registration/_single-main.html.haml (3.7ms)
  Rendered registration/_single-footer.html.haml (2.6ms)
  Rendered registration/new.html.haml within layouts/application (20.4ms)
Completed 200 OK in 76ms (Views: 72.6ms | ActiveRecord: 0.0ms)


Started GET "/" for ::1 at 2019-12-18 20:03:33 +0900
Processing by RegistrationController#new as HTML
  Rendering registration/new.html.haml within layouts/application
  Rendered registration/_single-header.html.haml (2.8ms)
  Rendered registration/_single-main.html.haml (3.8ms)
  Rendered registration/_single-footer.html.haml (4.0ms)
  Rendered registration/new.html.haml within layouts/application (21.2ms)
Completed 200 OK in 74ms (Views: 71.6ms | ActiveRecord: 0.0ms)


Started GET "/" for ::1 at 2019-12-18 20:05:56 +0900
Processing by RegistrationController#new as HTML
  Rendering registration/new.html.haml within layouts/application
  Rendered registration/_single-header.html.haml (3.6ms)
  Rendered registration/_single-main.html.haml (3.4ms)
  Rendered registration/_single-footer.html.haml (3.2ms)
  Rendered registration/new.html.haml within layouts/application (22.7ms)
Completed 200 OK in 104ms (Views: 99.3ms | ActiveRecord: 0.0ms)


Started GET "/" for ::1 at 2019-12-18 20:12:15 +0900
  [1m[35m (1.3ms)[0m  [1m[35mSET NAMES utf8,  @@SESSION.sql_mode = CONCAT(CONCAT(@@sql_mode, ',STRICT_ALL_TABLES'), ',NO_AUTO_VALUE_ON_ZERO'),  @@SESSION.sql_auto_is_null = 0, @@SESSION.wait_timeout = 2147483[0m
  ↳ /Users/yamamoto/.rbenv/versions/2.5.1/lib/ruby/gems/2.5.0/gems/activerecord-5.2.4/lib/active_record/log_subscriber.rb:98
Processing by RegistrationController#new as HTML
  Rendering registration/new.html.haml within layouts/application
  Rendered registration/_single-header.html.haml (6.4ms)
  Rendered registration/_single-main.html.haml (29.5ms)
  Rendered registration/_single-footer.html.haml (3.1ms)
  Rendered registration/new.html.haml within layouts/application (53.4ms)
Completed 200 OK in 132ms (Views: 127.4ms | ActiveRecord: 0.0ms)


Started GET "/" for ::1 at 2019-12-18 20:13:27 +0900
Processing by RegistrationController#new as HTML
  Rendering registration/new.html.haml within layouts/application
  Rendered registration/_single-header.html.haml (6.2ms)
  Rendered registration/_single-main.html.haml (5.9ms)
  Rendered registration/_single-footer.html.haml (4.5ms)
  Rendered registration/new.html.haml within layouts/application (37.8ms)
Completed 200 OK in 131ms (Views: 121.5ms | ActiveRecord: 0.0ms)


Started GET "/" for ::1 at 2019-12-18 20:13:52 +0900
Processing by RegistrationController#new as HTML
  Rendering registration/new.html.haml within layouts/application
  Rendered registration/_single-header.html.haml (3.7ms)
  Rendered registration/_single-main.html.haml (5.3ms)
  Rendered registration/_single-footer.html.haml (3.4ms)
  Rendered registration/new.html.haml within layouts/application (24.7ms)
Completed 200 OK in 78ms (Views: 74.9ms | ActiveRecord: 0.0ms)


Started GET "/" for ::1 at 2019-12-18 20:19:08 +0900
  [1m[35m (7.5ms)[0m  [1m[35mSET NAMES utf8,  @@SESSION.sql_mode = CONCAT(CONCAT(@@sql_mode, ',STRICT_ALL_TABLES'), ',NO_AUTO_VALUE_ON_ZERO'),  @@SESSION.sql_auto_is_null = 0, @@SESSION.wait_timeout = 2147483[0m
  ↳ /Users/yamamoto/.rbenv/versions/2.5.1/lib/ruby/gems/2.5.0/gems/activerecord-5.2.4/lib/active_record/log_subscriber.rb:98
Processing by RegistrationController#new as HTML
  Rendering registration/new.html.haml within layouts/application
  Rendered registration/_single-header.html.haml (2.9ms)
  Rendered registration/_single-main.html.haml (4.9ms)
  Rendered registration/_single-footer.html.haml (3.5ms)
  Rendered registration/new.html.haml within layouts/application (22.5ms)
Completed 200 OK in 76ms (Views: 72.0ms | ActiveRecord: 0.0ms)


Started GET "/" for ::1 at 2019-12-18 20:19:09 +0900
Processing by RegistrationController#new as HTML
  Rendering registration/new.html.haml within layouts/application
  Rendered registration/_single-header.html.haml (3.5ms)
  Rendered registration/_single-main.html.haml (6.0ms)
  Rendered registration/_single-footer.html.haml (9.6ms)
  Rendered registration/new.html.haml within layouts/application (34.9ms)
Completed 200 OK in 81ms (Views: 76.8ms | ActiveRecord: 0.0ms)


Started GET "/" for ::1 at 2019-12-19 11:50:55 +0900
  [1m[35m (15.2ms)[0m  [1m[35mSET NAMES utf8,  @@SESSION.sql_mode = CONCAT(CONCAT(@@sql_mode, ',STRICT_ALL_TABLES'), ',NO_AUTO_VALUE_ON_ZERO'),  @@SESSION.sql_auto_is_null = 0, @@SESSION.wait_timeout = 2147483[0m
  ↳ /Users/yamamoto/.rbenv/versions/2.5.1/lib/ruby/gems/2.5.0/gems/activerecord-5.2.4/lib/active_record/log_subscriber.rb:98
Processing by RegistrationController#new as HTML
  Rendering registration/new.html.haml within layouts/application
  Rendered registration/_single-header.html.haml (3.3ms)
  Rendered registration/_single-main.html.haml (5.1ms)
  Rendered registration/_single-footer.html.haml (7.1ms)
  Rendered registration/new.html.haml within layouts/application (34.1ms)
Completed 200 OK in 349ms (Views: 339.2ms | ActiveRecord: 0.0ms)


Started GET "/" for ::1 at 2019-12-19 11:50:58 +0900
Processing by RegistrationController#new as HTML
  Rendering registration/new.html.haml within layouts/application
  Rendered registration/_single-header.html.haml (2.9ms)
  Rendered registration/_single-main.html.haml (2.9ms)
  Rendered registration/_single-footer.html.haml (4.6ms)
  Rendered registration/new.html.haml within layouts/application (21.4ms)
Completed 200 OK in 49ms (Views: 45.9ms | ActiveRecord: 0.0ms)


Started GET "/" for ::1 at 2019-12-19 11:52:02 +0900
Processing by RegistrationController#new as HTML
  Rendering registration/new.html.haml within layouts/application
  Rendered registration/_single-header.html.haml (4.2ms)
  Rendered registration/_single-main.html.haml (3.5ms)
  Rendered registration/_single-footer.html.haml (3.4ms)
  Rendered registration/new.html.haml within layouts/application (23.1ms)
Completed 500 Internal Server Error in 61ms (ActiveRecord: 0.0ms)


  
ActionView::Template::Error (File to import not found or unreadable: /bese./registration-base.scss.
Load paths:
  /Users/yamamoto/Desktop/practice/freemarket_sample_65a/app/assets/config
  /Users/yamamoto/Desktop/practice/freemarket_sample_65a/app/assets/images
  /Users/yamamoto/Desktop/practice/freemarket_sample_65a/app/assets/javascripts
  /Users/yamamoto/Desktop/practice/freemarket_sample_65a/app/assets/stylesheets
  /Users/yamamoto/.rbenv/versions/2.5.1/lib/ruby/gems/2.5.0/gems/coffee-rails-4.2.2/lib/assets/javascripts
  /Users/yamamoto/.rbenv/versions/2.5.1/lib/ruby/gems/2.5.0/gems/actioncable-5.2.4/lib/assets/compiled
  /Users/yamamoto/.rbenv/versions/2.5.1/lib/ruby/gems/2.5.0/gems/activestorage-5.2.4/app/assets/javascripts
  /Users/yamamoto/.rbenv/versions/2.5.1/lib/ruby/gems/2.5.0/gems/actionview-5.2.4/lib/assets/compiled
  /Users/yamamoto/.rbenv/versions/2.5.1/lib/ruby/gems/2.5.0/gems/turbolinks-source-5.2.0/lib/assets/javascripts
  /Users/yamamoto/Desktop/practice/freemarket_sample_65a/node_modules):
     5:     <%= csrf_meta_tags %>
     6:     <%= csp_meta_tag %>
     7: 
     8:     <%= stylesheet_link_tag    'application', media: 'all', 'data-turbolinks-track': 'reload' %>
     9:     <%= javascript_include_tag 'application', 'data-turbolinks-track': 'reload' %>
    10:   </head>
    11: 
  
app/assets/stylesheets/application.scss:2
app/views/layouts/application.html.erb:8:in `_app_views_layouts_application_html_erb__1354870808321877227_70140706797940'
Started GET "/" for ::1 at 2019-12-19 11:52:19 +0900
Processing by RegistrationController#new as HTML
  Rendering registration/new.html.haml within layouts/application
  Rendered registration/_single-header.html.haml (4.4ms)
  Rendered registration/_single-main.html.haml (5.0ms)
  Rendered registration/_single-footer.html.haml (2.6ms)
  Rendered registration/new.html.haml within layouts/application (23.0ms)
Completed 500 Internal Server Error in 50ms (ActiveRecord: 0.0ms)


  
ActionView::Template::Error (File to import not found or unreadable: /base./registration-base.scss.
Load paths:
  /Users/yamamoto/Desktop/practice/freemarket_sample_65a/app/assets/config
  /Users/yamamoto/Desktop/practice/freemarket_sample_65a/app/assets/images
  /Users/yamamoto/Desktop/practice/freemarket_sample_65a/app/assets/javascripts
  /Users/yamamoto/Desktop/practice/freemarket_sample_65a/app/assets/stylesheets
  /Users/yamamoto/.rbenv/versions/2.5.1/lib/ruby/gems/2.5.0/gems/coffee-rails-4.2.2/lib/assets/javascripts
  /Users/yamamoto/.rbenv/versions/2.5.1/lib/ruby/gems/2.5.0/gems/actioncable-5.2.4/lib/assets/compiled
  /Users/yamamoto/.rbenv/versions/2.5.1/lib/ruby/gems/2.5.0/gems/activestorage-5.2.4/app/assets/javascripts
  /Users/yamamoto/.rbenv/versions/2.5.1/lib/ruby/gems/2.5.0/gems/actionview-5.2.4/lib/assets/compiled
  /Users/yamamoto/.rbenv/versions/2.5.1/lib/ruby/gems/2.5.0/gems/turbolinks-source-5.2.0/lib/assets/javascripts
  /Users/yamamoto/Desktop/practice/freemarket_sample_65a/node_modules):
     5:     <%= csrf_meta_tags %>
     6:     <%= csp_meta_tag %>
     7: 
     8:     <%= stylesheet_link_tag    'application', media: 'all', 'data-turbolinks-track': 'reload' %>
     9:     <%= javascript_include_tag 'application', 'data-turbolinks-track': 'reload' %>
    10:   </head>
    11: 
  
app/assets/stylesheets/application.scss:2
app/views/layouts/application.html.erb:8:in `_app_views_layouts_application_html_erb__1354870808321877227_70140705556100'
Started GET "/" for ::1 at 2019-12-19 11:52:32 +0900
Processing by RegistrationController#new as HTML
  Rendering registration/new.html.haml within layouts/application
  Rendered registration/_single-header.html.haml (3.5ms)
  Rendered registration/_single-main.html.haml (4.6ms)
  Rendered registration/_single-footer.html.haml (3.1ms)
  Rendered registration/new.html.haml within layouts/application (24.3ms)
Completed 500 Internal Server Error in 56ms (ActiveRecord: 0.0ms)


  
ActionView::Template::Error (File to import not found or unreadable: /base/.registration-base.scss.
Load paths:
  /Users/yamamoto/Desktop/practice/freemarket_sample_65a/app/assets/config
  /Users/yamamoto/Desktop/practice/freemarket_sample_65a/app/assets/images
  /Users/yamamoto/Desktop/practice/freemarket_sample_65a/app/assets/javascripts
  /Users/yamamoto/Desktop/practice/freemarket_sample_65a/app/assets/stylesheets
  /Users/yamamoto/.rbenv/versions/2.5.1/lib/ruby/gems/2.5.0/gems/coffee-rails-4.2.2/lib/assets/javascripts
  /Users/yamamoto/.rbenv/versions/2.5.1/lib/ruby/gems/2.5.0/gems/actioncable-5.2.4/lib/assets/compiled
  /Users/yamamoto/.rbenv/versions/2.5.1/lib/ruby/gems/2.5.0/gems/activestorage-5.2.4/app/assets/javascripts
  /Users/yamamoto/.rbenv/versions/2.5.1/lib/ruby/gems/2.5.0/gems/actionview-5.2.4/lib/assets/compiled
  /Users/yamamoto/.rbenv/versions/2.5.1/lib/ruby/gems/2.5.0/gems/turbolinks-source-5.2.0/lib/assets/javascripts
  /Users/yamamoto/Desktop/practice/freemarket_sample_65a/node_modules):
     5:     <%= csrf_meta_tags %>
     6:     <%= csp_meta_tag %>
     7: 
     8:     <%= stylesheet_link_tag    'application', media: 'all', 'data-turbolinks-track': 'reload' %>
     9:     <%= javascript_include_tag 'application', 'data-turbolinks-track': 'reload' %>
    10:   </head>
    11: 
  
app/assets/stylesheets/application.scss:2
app/views/layouts/application.html.erb:8:in `_app_views_layouts_application_html_erb__1354870808321877227_70140706712420'
Started GET "/" for ::1 at 2019-12-19 11:53:32 +0900
Processing by RegistrationController#new as HTML
  Rendering registration/new.html.haml within layouts/application
  Rendered registration/_single-header.html.haml (3.2ms)
  Rendered registration/_single-main.html.haml (4.4ms)
  Rendered registration/_single-footer.html.haml (4.3ms)
  Rendered registration/new.html.haml within layouts/application (22.6ms)
Completed 500 Internal Server Error in 64ms (ActiveRecord: 0.0ms)


  
ActionView::Template::Error (File to import not found or unreadable: /base/registration-base.scss.
Load paths:
  /Users/yamamoto/Desktop/practice/freemarket_sample_65a/app/assets/config
  /Users/yamamoto/Desktop/practice/freemarket_sample_65a/app/assets/images
  /Users/yamamoto/Desktop/practice/freemarket_sample_65a/app/assets/javascripts
  /Users/yamamoto/Desktop/practice/freemarket_sample_65a/app/assets/stylesheets
  /Users/yamamoto/.rbenv/versions/2.5.1/lib/ruby/gems/2.5.0/gems/coffee-rails-4.2.2/lib/assets/javascripts
  /Users/yamamoto/.rbenv/versions/2.5.1/lib/ruby/gems/2.5.0/gems/actioncable-5.2.4/lib/assets/compiled
  /Users/yamamoto/.rbenv/versions/2.5.1/lib/ruby/gems/2.5.0/gems/activestorage-5.2.4/app/assets/javascripts
  /Users/yamamoto/.rbenv/versions/2.5.1/lib/ruby/gems/2.5.0/gems/actionview-5.2.4/lib/assets/compiled
  /Users/yamamoto/.rbenv/versions/2.5.1/lib/ruby/gems/2.5.0/gems/turbolinks-source-5.2.0/lib/assets/javascripts
  /Users/yamamoto/Desktop/practice/freemarket_sample_65a/node_modules):
     5:     <%= csrf_meta_tags %>
     6:     <%= csp_meta_tag %>
     7: 
     8:     <%= stylesheet_link_tag    'application', media: 'all', 'data-turbolinks-track': 'reload' %>
     9:     <%= javascript_include_tag 'application', 'data-turbolinks-track': 'reload' %>
    10:   </head>
    11: 
  
app/assets/stylesheets/application.scss:2
app/views/layouts/application.html.erb:8:in `_app_views_layouts_application_html_erb__1354870808321877227_70140691829820'
Started GET "/" for ::1 at 2019-12-19 11:53:36 +0900
Processing by RegistrationController#new as HTML
  Rendering registration/new.html.haml within layouts/application
  Rendered registration/_single-header.html.haml (3.6ms)
  Rendered registration/_single-main.html.haml (3.5ms)
  Rendered registration/_single-footer.html.haml (2.5ms)
  Rendered registration/new.html.haml within layouts/application (20.4ms)
Completed 500 Internal Server Error in 45ms (ActiveRecord: 0.0ms)


  
ActionView::Template::Error (File to import not found or unreadable: /base/registration-base.scss.
Load paths:
  /Users/yamamoto/Desktop/practice/freemarket_sample_65a/app/assets/config
  /Users/yamamoto/Desktop/practice/freemarket_sample_65a/app/assets/images
  /Users/yamamoto/Desktop/practice/freemarket_sample_65a/app/assets/javascripts
  /Users/yamamoto/Desktop/practice/freemarket_sample_65a/app/assets/stylesheets
  /Users/yamamoto/.rbenv/versions/2.5.1/lib/ruby/gems/2.5.0/gems/coffee-rails-4.2.2/lib/assets/javascripts
  /Users/yamamoto/.rbenv/versions/2.5.1/lib/ruby/gems/2.5.0/gems/actioncable-5.2.4/lib/assets/compiled
  /Users/yamamoto/.rbenv/versions/2.5.1/lib/ruby/gems/2.5.0/gems/activestorage-5.2.4/app/assets/javascripts
  /Users/yamamoto/.rbenv/versions/2.5.1/lib/ruby/gems/2.5.0/gems/actionview-5.2.4/lib/assets/compiled
  /Users/yamamoto/.rbenv/versions/2.5.1/lib/ruby/gems/2.5.0/gems/turbolinks-source-5.2.0/lib/assets/javascripts
  /Users/yamamoto/Desktop/practice/freemarket_sample_65a/node_modules):
     5:     <%= csrf_meta_tags %>
     6:     <%= csp_meta_tag %>
     7: 
     8:     <%= stylesheet_link_tag    'application', media: 'all', 'data-turbolinks-track': 'reload' %>
     9:     <%= javascript_include_tag 'application', 'data-turbolinks-track': 'reload' %>
    10:   </head>
    11: 
  
app/assets/stylesheets/application.scss:2
app/views/layouts/application.html.erb:8:in `_app_views_layouts_application_html_erb__1354870808321877227_70140693898460'
Started GET "/" for ::1 at 2019-12-19 11:54:16 +0900
Processing by RegistrationController#new as HTML
  Rendering registration/new.html.haml within layouts/application
  Rendered registration/_single-header.html.haml (3.0ms)
  Rendered registration/_single-main.html.haml (3.6ms)
  Rendered registration/_single-footer.html.haml (3.2ms)
  Rendered registration/new.html.haml within layouts/application (21.4ms)
Completed 200 OK in 84ms (Views: 80.7ms | ActiveRecord: 0.0ms)


Started GET "/" for ::1 at 2019-12-19 12:03:16 +0900
  [1m[35m (0.2ms)[0m  [1m[35mSET NAMES utf8,  @@SESSION.sql_mode = CONCAT(CONCAT(@@sql_mode, ',STRICT_ALL_TABLES'), ',NO_AUTO_VALUE_ON_ZERO'),  @@SESSION.sql_auto_is_null = 0, @@SESSION.wait_timeout = 2147483[0m
  ↳ /Users/yamamoto/.rbenv/versions/2.5.1/lib/ruby/gems/2.5.0/gems/activerecord-5.2.4/lib/active_record/log_subscriber.rb:98
Processing by RegistrationController#new as HTML
  Rendering registration/new.html.haml within layouts/application
  Rendered registration/_single-header.html.haml (3.2ms)
  Rendered registration/_single-main.html.haml (4.3ms)
  Rendered registration/_single-footer.html.haml (2.7ms)
  Rendered registration/new.html.haml within layouts/application (22.7ms)
Completed 200 OK in 89ms (Views: 85.9ms | ActiveRecord: 0.0ms)


